2024-10-19 16:50:02,452 - main.py[line:119] - INFO: Dataset has built.
2024-10-19 16:50:02,515 - dataset.py[line:41] - INFO: Build vocab: words 5892, labels 14.
2024-10-19 16:50:02,515 - main.py[line:121] - INFO: Vocab has built.
2024-10-19 16:50:02,521 - main.py[line:123] - INFO: Creating Model.
2024-10-19 16:50:02,554 - model.py[line:61] - INFO: Load extword embed: words 5969, dims 100.
2024-10-19 16:50:07,674 - model.py[line:184] - INFO: Build model with cnn word encoder, lstm sent encoder.
2024-10-19 16:50:07,674 - model.py[line:187] - INFO: Model param num: 4.27 M.
2024-10-19 16:50:07,681 - main.py[line:125] - INFO: Use cuda: True, gpu id: 0.
2024-10-19 16:51:07,930 - train.py[line:31] - INFO: Total 20000 final test docs.
2024-10-19 16:59:10,803 - train.py[line:43] - INFO: Total 162000 train docs.
2024-10-19 17:00:05,893 - train.py[line:45] - INFO: Total 18000 dev docs.
2024-10-19 17:02:35,935 - train.py[line:48] - INFO: Total 50000 test docs.
2024-10-19 17:02:35,936 - train.py[line:66] - INFO: Start training...
2024-10-19 17:05:07,588 - train.py[line:163] - INFO: | epoch   1 | step  50 | batch  50/633 | lr 0.00020 | loss 2.2902 | s/batch 3.03
2024-10-19 17:07:38,711 - train.py[line:163] - INFO: | epoch   1 | step 100 | batch 100/633 | lr 0.00020 | loss 1.6294 | s/batch 3.02
2024-10-19 17:09:55,263 - train.py[line:163] - INFO: | epoch   1 | step 150 | batch 150/633 | lr 0.00020 | loss 1.1492 | s/batch 2.73
2024-10-19 17:12:10,923 - train.py[line:163] - INFO: | epoch   1 | step 200 | batch 200/633 | lr 0.00020 | loss 0.9609 | s/batch 2.71
2024-10-19 17:14:28,817 - train.py[line:163] - INFO: | epoch   1 | step 250 | batch 250/633 | lr 0.00020 | loss 0.7699 | s/batch 2.76
2024-10-19 17:17:06,072 - train.py[line:163] - INFO: | epoch   1 | step 300 | batch 300/633 | lr 0.00020 | loss 0.7230 | s/batch 3.15
2024-10-19 17:19:22,596 - train.py[line:163] - INFO: | epoch   1 | step 350 | batch 350/633 | lr 0.00020 | loss 0.5975 | s/batch 2.73
2024-10-19 17:21:35,824 - train.py[line:163] - INFO: | epoch   1 | step 400 | batch 400/633 | lr 0.00020 | loss 0.5607 | s/batch 2.66
2024-10-19 17:23:44,571 - train.py[line:163] - INFO: | epoch   1 | step 450 | batch 450/633 | lr 0.00020 | loss 0.5030 | s/batch 2.57
2024-10-19 17:26:16,809 - train.py[line:163] - INFO: | epoch   1 | step 500 | batch 500/633 | lr 0.00020 | loss 0.4801 | s/batch 3.04
2024-10-19 17:28:44,096 - train.py[line:163] - INFO: | epoch   1 | step 550 | batch 550/633 | lr 0.00020 | loss 0.4653 | s/batch 2.95
2024-10-19 17:30:55,797 - train.py[line:163] - INFO: | epoch   1 | step 600 | batch 600/633 | lr 0.00020 | loss 0.4470 | s/batch 2.63
2024-10-19 17:32:23,162 - train.py[line:182] - INFO: | epoch   1 | score (71.02, 53.29, 57.19) | f1 57.19 | loss 0.8570 | time 1787.07
2024-10-19 17:32:23,263 - train.py[line:188] - INFO: 
              precision    recall  f1-score   support

          科技     0.6892    0.8281    0.7523     31524
          股票     0.7099    0.8553    0.7758     29926
          体育     0.8139    0.9143    0.8612     25454
          娱乐     0.7560    0.7714    0.7636     17928
          时政     0.6784    0.6472    0.6625     12163
          社会     0.6889    0.5853    0.6329      9908
          教育     0.8251    0.6789    0.7449      8088
          财经     0.6663    0.3195    0.4319      7161
          家居     0.6557    0.4561    0.5380      6356
          游戏     0.7911    0.4644    0.5852      4761
          房产     0.8387    0.5363    0.6542      3985
          时尚     0.5515    0.1562    0.2434      2536
          彩票     0.6114    0.2400    0.3447      1475
          星座     0.6667    0.0082    0.0161       735

    accuracy                         0.7300    162000
   macro avg     0.7102    0.5329    0.5719    162000
weighted avg     0.7273    0.7300    0.7157    162000

2024-10-19 17:32:23,264 - train.py[line:198] - INFO: Start testing(dev)...
2024-10-19 17:35:33,691 - train.py[line:228] - INFO: | epoch   1 | dev | score (88.12, 79.74, 81.56) | f1 81.56 | time 190.43
2024-10-19 17:35:33,705 - train.py[line:233] - INFO: 
              precision    recall  f1-score   support

          科技     0.9374    0.8889    0.9125      3502
          股票     0.8932    0.9429    0.9173      3325
          体育     0.9592    0.9813    0.9701      2828
          娱乐     0.9129    0.9312    0.9220      1992
          时政     0.8366    0.8979    0.8661      1351
          社会     0.7563    0.8656    0.8073      1101
          教育     0.9224    0.8854    0.9035       899
          财经     0.8378    0.7136    0.7707       796
          家居     0.8350    0.8173    0.8261       706
          游戏     0.8831    0.8715    0.8773       529
          房产     0.9656    0.8871    0.9247       443
          时尚     0.7811    0.6454    0.7068       282
          彩票     0.9070    0.7134    0.7986       164
          星座     0.9091    0.1220    0.2151        82

    accuracy                         0.8971     18000
   macro avg     0.8812    0.7974    0.8156     18000
weighted avg     0.8984    0.8971    0.8953     18000

2024-10-19 17:35:33,705 - train.py[line:74] - INFO: Exceed history dev = 0.00, current dev = 81.56
2024-10-19 17:37:44,960 - train.py[line:163] - INFO: | epoch   2 | step 683 | batch  50/633 | lr 0.00020 | loss 0.3974 | s/batch 2.62
2024-10-19 17:39:57,772 - train.py[line:163] - INFO: | epoch   2 | step 733 | batch 100/633 | lr 0.00020 | loss 0.3947 | s/batch 2.66
2024-10-19 17:42:29,978 - train.py[line:163] - INFO: | epoch   2 | step 783 | batch 150/633 | lr 0.00020 | loss 0.3733 | s/batch 3.04
2024-10-19 17:44:49,731 - train.py[line:163] - INFO: | epoch   2 | step 833 | batch 200/633 | lr 0.00020 | loss 0.3848 | s/batch 2.80
2024-10-19 17:47:17,227 - train.py[line:163] - INFO: | epoch   2 | step 883 | batch 250/633 | lr 0.00020 | loss 0.3764 | s/batch 2.95
2024-10-19 17:49:33,081 - train.py[line:163] - INFO: | epoch   2 | step 933 | batch 300/633 | lr 0.00020 | loss 0.3673 | s/batch 2.72
2024-10-19 17:51:50,129 - train.py[line:163] - INFO: | epoch   2 | step 983 | batch 350/633 | lr 0.00020 | loss 0.3761 | s/batch 2.74
2024-10-19 17:54:16,768 - train.py[line:163] - INFO: | epoch   2 | step 1033 | batch 400/633 | lr 0.00015 | loss 0.3436 | s/batch 2.93
2024-10-19 17:56:30,717 - train.py[line:163] - INFO: | epoch   2 | step 1083 | batch 450/633 | lr 0.00015 | loss 0.3534 | s/batch 2.68
2024-10-19 17:59:05,338 - train.py[line:163] - INFO: | epoch   2 | step 1133 | batch 500/633 | lr 0.00015 | loss 0.3405 | s/batch 3.09
2024-10-19 18:01:32,017 - train.py[line:163] - INFO: | epoch   2 | step 1183 | batch 550/633 | lr 0.00015 | loss 0.3267 | s/batch 2.93
2024-10-19 18:03:20,606 - train.py[line:163] - INFO: | epoch   2 | step 1233 | batch 600/633 | lr 0.00015 | loss 0.3203 | s/batch 2.17
2024-10-19 18:04:40,758 - train.py[line:182] - INFO: | epoch   2 | score (85.48, 80.94, 82.75) | f1 82.75 | loss 0.3613 | time 1746.86
2024-10-19 18:04:40,854 - train.py[line:188] - INFO: 
              precision    recall  f1-score   support

          科技     0.8953    0.9015    0.8984     31524
          股票     0.8989    0.9237    0.9112     29926
          体育     0.9665    0.9735    0.9700     25454
          娱乐     0.9056    0.9174    0.9114     17928
          时政     0.8208    0.8537    0.8369     12163
          社会     0.8019    0.8067    0.8043      9908
          教育     0.9036    0.8923    0.8979      8088
          财经     0.8124    0.7034    0.7540      7161
          家居     0.7963    0.8159    0.8060      6356
          游戏     0.8667    0.8206    0.8430      4761
          房产     0.9263    0.9046    0.9153      3985
          时尚     0.6907    0.6455    0.6673      2536
          彩票     0.9022    0.7383    0.8121      1475
          星座     0.7800    0.4340    0.5577       735

    accuracy                         0.8868    162000
   macro avg     0.8548    0.8094    0.8275    162000
weighted avg     0.8861    0.8868    0.8859    162000

2024-10-19 18:04:40,855 - train.py[line:198] - INFO: Start testing(dev)...
2024-10-19 18:07:49,734 - train.py[line:228] - INFO: | epoch   2 | dev | score (90.87, 88.23, 89.42) | f1 89.42 | time 188.88
2024-10-19 18:07:49,748 - train.py[line:233] - INFO: 
              precision    recall  f1-score   support

          科技     0.9353    0.9163    0.9257      3502
          股票     0.9096    0.9558    0.9321      3325
          体育     0.9735    0.9859    0.9796      2828
          娱乐     0.9418    0.9428    0.9423      1992
          时政     0.8796    0.9082    0.8937      1351
          社会     0.8392    0.8629    0.8509      1101
          教育     0.9365    0.8854    0.9102       899
          财经     0.9053    0.7450    0.8174       796
          家居     0.8397    0.8980    0.8679       706
          游戏     0.9061    0.8752    0.8904       529
          房产     0.9564    0.9413    0.9488       443
          时尚     0.8496    0.8014    0.8248       282
          彩票     0.9722    0.8537    0.9091       164
          星座     0.8767    0.7805    0.8258        82

    accuracy                         0.9202     18000
   macro avg     0.9087    0.8823    0.8942     18000
weighted avg     0.9206    0.9202    0.9197     18000

2024-10-19 18:07:49,752 - train.py[line:74] - INFO: Exceed history dev = 81.56, current dev = 89.42
2024-10-19 18:10:07,997 - train.py[line:163] - INFO: | epoch   3 | step 1316 | batch  50/633 | lr 0.00015 | loss 0.3137 | s/batch 2.76
2024-10-19 18:12:24,081 - train.py[line:163] - INFO: | epoch   3 | step 1366 | batch 100/633 | lr 0.00015 | loss 0.3190 | s/batch 2.72
2024-10-19 18:14:50,243 - train.py[line:163] - INFO: | epoch   3 | step 1416 | batch 150/633 | lr 0.00015 | loss 0.3133 | s/batch 2.92
2024-10-19 18:16:46,470 - train.py[line:163] - INFO: | epoch   3 | step 1466 | batch 200/633 | lr 0.00015 | loss 0.2999 | s/batch 2.32
2024-10-19 18:19:02,649 - train.py[line:163] - INFO: | epoch   3 | step 1516 | batch 250/633 | lr 0.00015 | loss 0.2944 | s/batch 2.72
2024-10-19 18:21:08,124 - train.py[line:163] - INFO: | epoch   3 | step 1566 | batch 300/633 | lr 0.00015 | loss 0.3110 | s/batch 2.51
2024-10-19 18:23:34,144 - train.py[line:163] - INFO: | epoch   3 | step 1616 | batch 350/633 | lr 0.00015 | loss 0.3066 | s/batch 2.92
2024-10-19 18:25:17,237 - train.py[line:163] - INFO: | epoch   3 | step 1666 | batch 400/633 | lr 0.00015 | loss 0.2750 | s/batch 2.06
2024-10-19 18:27:35,631 - train.py[line:163] - INFO: | epoch   3 | step 1716 | batch 450/633 | lr 0.00015 | loss 0.2914 | s/batch 2.77
2024-10-19 18:30:13,884 - train.py[line:163] - INFO: | epoch   3 | step 1766 | batch 500/633 | lr 0.00015 | loss 0.3068 | s/batch 3.17
2024-10-19 18:32:49,246 - train.py[line:163] - INFO: | epoch   3 | step 1816 | batch 550/633 | lr 0.00015 | loss 0.3063 | s/batch 3.11
2024-10-19 18:35:21,746 - train.py[line:163] - INFO: | epoch   3 | step 1866 | batch 600/633 | lr 0.00015 | loss 0.2922 | s/batch 3.05
2024-10-19 18:37:03,936 - train.py[line:182] - INFO: | epoch   3 | score (88.15, 85.94, 86.97) | f1 86.97 | loss 0.3028 | time 1754.02
2024-10-19 18:37:04,041 - train.py[line:188] - INFO: 
              precision    recall  f1-score   support

          科技     0.9073    0.9100    0.9086     31524
          股票     0.9132    0.9303    0.9217     29926
          体育     0.9743    0.9781    0.9762     25454
          娱乐     0.9181    0.9287    0.9233     17928
          时政     0.8458    0.8692    0.8574     12163
          社会     0.8261    0.8298    0.8280      9908
          教育     0.9142    0.8985    0.9063      8088
          财经     0.8297    0.7524    0.7892      7161
          家居     0.8455    0.8513    0.8484      6356
          游戏     0.8841    0.8490    0.8662      4761
          房产     0.9524    0.9345    0.9434      3985
          时尚     0.7955    0.7733    0.7842      2536
          彩票     0.9216    0.8447    0.8815      1475
          星座     0.8133    0.6816    0.7417       735

    accuracy                         0.9037    162000
   macro avg     0.8815    0.8594    0.8697    162000
weighted avg     0.9034    0.9037    0.9034    162000

2024-10-19 18:37:04,042 - train.py[line:198] - INFO: Start testing(dev)...
2024-10-19 18:40:17,240 - train.py[line:228] - INFO: | epoch   3 | dev | score (91.57, 90.89, 91.19) | f1 91.19 | time 193.20
2024-10-19 18:40:17,255 - train.py[line:233] - INFO: 
              precision    recall  f1-score   support

          科技     0.9481    0.9129    0.9302      3502
          股票     0.9290    0.9489    0.9388      3325
          体育     0.9813    0.9841    0.9827      2828
          娱乐     0.9506    0.9463    0.9484      1992
          时政     0.8675    0.9252    0.8954      1351
          社会     0.8274    0.8792    0.8525      1101
          教育     0.8980    0.9210    0.9094       899
          财经     0.8661    0.8128    0.8386       796
          家居     0.9241    0.8796    0.9013       706
          游戏     0.9046    0.8960    0.9003       529
          房产     0.9836    0.9503    0.9667       443
          时尚     0.9108    0.8688    0.8893       282
          彩票     0.9490    0.9085    0.9283       164
          星座     0.8795    0.8902    0.8848        82

    accuracy                         0.9276     18000
   macro avg     0.9157    0.9089    0.9119     18000
weighted avg     0.9283    0.9276    0.9276     18000

2024-10-19 18:40:17,255 - train.py[line:74] - INFO: Exceed history dev = 89.42, current dev = 91.19
2024-10-19 18:42:45,347 - train.py[line:163] - INFO: | epoch   4 | step 1949 | batch  50/633 | lr 0.00015 | loss 0.2735 | s/batch 2.96
2024-10-19 18:45:12,537 - train.py[line:163] - INFO: | epoch   4 | step 1999 | batch 100/633 | lr 0.00015 | loss 0.2819 | s/batch 2.94
2024-10-19 18:47:36,909 - train.py[line:163] - INFO: | epoch   4 | step 2049 | batch 150/633 | lr 0.00011 | loss 0.2828 | s/batch 2.89
2024-10-19 18:49:26,367 - train.py[line:163] - INFO: | epoch   4 | step 2099 | batch 200/633 | lr 0.00011 | loss 0.2789 | s/batch 2.19
2024-10-19 18:51:50,701 - train.py[line:163] - INFO: | epoch   4 | step 2149 | batch 250/633 | lr 0.00011 | loss 0.2626 | s/batch 2.89
2024-10-19 18:54:28,001 - train.py[line:163] - INFO: | epoch   4 | step 2199 | batch 300/633 | lr 0.00011 | loss 0.2770 | s/batch 3.15
2024-10-19 18:56:41,724 - train.py[line:163] - INFO: | epoch   4 | step 2249 | batch 350/633 | lr 0.00011 | loss 0.2769 | s/batch 2.67
2024-10-19 18:58:49,513 - train.py[line:163] - INFO: | epoch   4 | step 2299 | batch 400/633 | lr 0.00011 | loss 0.2490 | s/batch 2.56
2024-10-19 19:01:22,951 - train.py[line:163] - INFO: | epoch   4 | step 2349 | batch 450/633 | lr 0.00011 | loss 0.2791 | s/batch 3.07
2024-10-19 19:06:18,372 - train.py[line:163] - INFO: | epoch   4 | step 2399 | batch 500/633 | lr 0.00011 | loss 0.2691 | s/batch 5.91
2024-10-19 19:08:38,950 - train.py[line:163] - INFO: | epoch   4 | step 2449 | batch 550/633 | lr 0.00011 | loss 0.2693 | s/batch 2.81
2024-10-19 19:10:44,484 - train.py[line:163] - INFO: | epoch   4 | step 2499 | batch 600/633 | lr 0.00011 | loss 0.2640 | s/batch 2.51
2024-10-19 19:12:15,781 - train.py[line:182] - INFO: | epoch   4 | score (89.73, 87.99, 88.82) | f1 88.82 | loss 0.2717 | time 1918.35
2024-10-19 19:12:15,883 - train.py[line:188] - INFO: 
              precision    recall  f1-score   support

          科技     0.9151    0.9178    0.9164     31524
          股票     0.9229    0.9381    0.9304     29926
          体育     0.9770    0.9795    0.9783     25454
          娱乐     0.9287    0.9381    0.9334     17928
          时政     0.8522    0.8774    0.8646     12163
          社会     0.8359    0.8371    0.8365      9908
          教育     0.9231    0.9088    0.9159      8088
          财经     0.8583    0.7868    0.8210      7161
          家居     0.8742    0.8748    0.8745      6356
          游戏     0.8969    0.8603    0.8782      4761
          房产     0.9646    0.9498    0.9571      3985
          时尚     0.8453    0.8233    0.8342      2536
          彩票     0.9281    0.8664    0.8962      1475
          星座     0.8393    0.7605    0.7980       735

    accuracy                         0.9140    162000
   macro avg     0.8973    0.8799    0.8882    162000
weighted avg     0.9139    0.9140    0.9138    162000

2024-10-19 19:12:15,883 - train.py[line:198] - INFO: Start testing(dev)...
2024-10-19 19:15:24,557 - train.py[line:228] - INFO: | epoch   4 | dev | score (91.86, 91.72, 91.77) | f1 91.77 | time 188.67
2024-10-19 19:15:24,570 - train.py[line:233] - INFO: 
              precision    recall  f1-score   support

          科技     0.9422    0.9263    0.9342      3502
          股票     0.9516    0.9281    0.9397      3325
          体育     0.9855    0.9823    0.9839      2828
          娱乐     0.9450    0.9568    0.9509      1992
          时政     0.8657    0.9349    0.8989      1351
          社会     0.8643    0.8565    0.8604      1101
          教育     0.9185    0.9155    0.9170       899
          财经     0.8233    0.8606    0.8415       796
          家居     0.8923    0.9150    0.9035       706
          游戏     0.9047    0.9149    0.9098       529
          房产     0.9838    0.9616    0.9726       443
          时尚     0.9222    0.8830    0.9022       282
          彩票     0.9494    0.9146    0.9317       164
          星座     0.9125    0.8902    0.9012        82

    accuracy                         0.9309     18000
   macro avg     0.9186    0.9172    0.9177     18000
weighted avg     0.9317    0.9309    0.9311     18000

2024-10-19 19:15:24,570 - train.py[line:74] - INFO: Exceed history dev = 91.19, current dev = 91.77
2024-10-19 19:18:00,506 - train.py[line:163] - INFO: | epoch   5 | step 2582 | batch  50/633 | lr 0.00011 | loss 0.2636 | s/batch 3.12
2024-10-19 19:20:09,465 - train.py[line:163] - INFO: | epoch   5 | step 2632 | batch 100/633 | lr 0.00011 | loss 0.2559 | s/batch 2.58
2024-10-19 19:22:18,546 - train.py[line:163] - INFO: | epoch   5 | step 2682 | batch 150/633 | lr 0.00011 | loss 0.2552 | s/batch 2.58
2024-10-19 19:24:40,971 - train.py[line:163] - INFO: | epoch   5 | step 2732 | batch 200/633 | lr 0.00011 | loss 0.2598 | s/batch 2.85
2024-10-19 19:26:56,930 - train.py[line:163] - INFO: | epoch   5 | step 2782 | batch 250/633 | lr 0.00011 | loss 0.2641 | s/batch 2.72
2024-10-19 19:29:09,196 - train.py[line:163] - INFO: | epoch   5 | step 2832 | batch 300/633 | lr 0.00011 | loss 0.2477 | s/batch 2.65
2024-10-19 19:31:14,983 - train.py[line:163] - INFO: | epoch   5 | step 2882 | batch 350/633 | lr 0.00011 | loss 0.2779 | s/batch 2.52
2024-10-19 19:33:28,908 - train.py[line:163] - INFO: | epoch   5 | step 2932 | batch 400/633 | lr 0.00011 | loss 0.2492 | s/batch 2.68
2024-10-19 19:35:37,176 - train.py[line:163] - INFO: | epoch   5 | step 2982 | batch 450/633 | lr 0.00011 | loss 0.2415 | s/batch 2.57
2024-10-19 19:38:17,198 - train.py[line:163] - INFO: | epoch   5 | step 3032 | batch 500/633 | lr 0.00008 | loss 0.2354 | s/batch 3.20
2024-10-19 19:40:32,293 - train.py[line:163] - INFO: | epoch   5 | step 3082 | batch 550/633 | lr 0.00008 | loss 0.2458 | s/batch 2.70
2024-10-19 19:42:48,000 - train.py[line:163] - INFO: | epoch   5 | step 3132 | batch 600/633 | lr 0.00008 | loss 0.2566 | s/batch 2.71
2024-10-19 19:44:32,141 - train.py[line:182] - INFO: | epoch   5 | score (90.54, 89.11, 89.8) | f1 89.8 | loss 0.2538 | time 1747.40
2024-10-19 19:44:32,239 - train.py[line:188] - INFO: 
              precision    recall  f1-score   support

          科技     0.9203    0.9236    0.9219     31524
          股票     0.9282    0.9397    0.9339     29926
          体育     0.9787    0.9806    0.9797     25454
          娱乐     0.9339    0.9404    0.9372     17928
          时政     0.8606    0.8850    0.8726     12163
          社会     0.8478    0.8493    0.8485      9908
          教育     0.9246    0.9137    0.9191      8088
          财经     0.8561    0.7957    0.8248      7161
          家居     0.8866    0.8823    0.8845      6356
          游戏     0.9024    0.8717    0.8868      4761
          房产     0.9688    0.9581    0.9634      3985
          时尚     0.8559    0.8407    0.8482      2536
          彩票     0.9303    0.8780    0.9034      1475
          星座     0.8811    0.8163    0.8475       735

    accuracy                         0.9193    162000
   macro avg     0.9054    0.8911    0.8980    162000
weighted avg     0.9192    0.9193    0.9191    162000

2024-10-19 19:44:32,240 - train.py[line:198] - INFO: Start testing(dev)...
2024-10-19 19:47:40,388 - train.py[line:228] - INFO: | epoch   5 | dev | score (92.43, 92.01, 92.17) | f1 92.17 | time 188.15
2024-10-19 19:47:40,402 - train.py[line:233] - INFO: 
              precision    recall  f1-score   support

          科技     0.9542    0.9166    0.9350      3502
          股票     0.9406    0.9483    0.9444      3325
          体育     0.9855    0.9834    0.9844      2828
          娱乐     0.9503    0.9593    0.9548      1992
          时政     0.8755    0.9267    0.9004      1351
          社会     0.8201    0.8946    0.8558      1101
          教育     0.9343    0.9010    0.9173       899
          财经     0.8704    0.8354    0.8526       796
          家居     0.9058    0.9122    0.9090       706
          游戏     0.8966    0.9338    0.9148       529
          房产     0.9953    0.9481    0.9711       443
          时尚     0.9328    0.8865    0.9091       282
          彩票     0.9739    0.9085    0.9401       164
          星座     0.9048    0.9268    0.9157        82

    accuracy                         0.9333     18000
   macro avg     0.9243    0.9201    0.9217     18000
weighted avg     0.9344    0.9333    0.9336     18000

2024-10-19 19:47:40,402 - train.py[line:74] - INFO: Exceed history dev = 91.77, current dev = 92.17
2024-10-19 19:50:13,515 - train.py[line:163] - INFO: | epoch   6 | step 3215 | batch  50/633 | lr 0.00008 | loss 0.2446 | s/batch 3.06
2024-10-19 19:52:12,405 - train.py[line:163] - INFO: | epoch   6 | step 3265 | batch 100/633 | lr 0.00008 | loss 0.2387 | s/batch 2.38
2024-10-19 19:54:48,482 - train.py[line:163] - INFO: | epoch   6 | step 3315 | batch 150/633 | lr 0.00008 | loss 0.2507 | s/batch 3.12
2024-10-19 19:56:46,362 - train.py[line:163] - INFO: | epoch   6 | step 3365 | batch 200/633 | lr 0.00008 | loss 0.2492 | s/batch 2.36
2024-10-19 19:59:08,004 - train.py[line:163] - INFO: | epoch   6 | step 3415 | batch 250/633 | lr 0.00008 | loss 0.2398 | s/batch 2.83
2024-10-19 20:01:40,611 - train.py[line:163] - INFO: | epoch   6 | step 3465 | batch 300/633 | lr 0.00008 | loss 0.2336 | s/batch 3.05
2024-10-19 20:04:17,906 - train.py[line:163] - INFO: | epoch   6 | step 3515 | batch 350/633 | lr 0.00008 | loss 0.2451 | s/batch 3.15
2024-10-19 20:06:10,724 - train.py[line:163] - INFO: | epoch   6 | step 3565 | batch 400/633 | lr 0.00008 | loss 0.2373 | s/batch 2.26
2024-10-19 20:09:01,191 - train.py[line:163] - INFO: | epoch   6 | step 3615 | batch 450/633 | lr 0.00008 | loss 0.2526 | s/batch 3.41
2024-10-19 20:11:04,116 - train.py[line:163] - INFO: | epoch   6 | step 3665 | batch 500/633 | lr 0.00008 | loss 0.2419 | s/batch 2.46
2024-10-19 20:13:27,402 - train.py[line:163] - INFO: | epoch   6 | step 3715 | batch 550/633 | lr 0.00008 | loss 0.2235 | s/batch 2.87
2024-10-19 20:15:22,820 - train.py[line:163] - INFO: | epoch   6 | step 3765 | batch 600/633 | lr 0.00008 | loss 0.2359 | s/batch 2.31
2024-10-19 20:16:48,922 - train.py[line:182] - INFO: | epoch   6 | score (90.98, 89.69, 90.31) | f1 90.31 | loss 0.2414 | time 1748.34
2024-10-19 20:16:49,040 - train.py[line:188] - INFO: 
              precision    recall  f1-score   support

          科技     0.9241    0.9259    0.9250     31524
          股票     0.9312    0.9400    0.9356     29926
          体育     0.9798    0.9807    0.9802     25454
          娱乐     0.9346    0.9452    0.9398     17928
          时政     0.8630    0.8934    0.8779     12163
          社会     0.8521    0.8520    0.8521      9908
          教育     0.9298    0.9165    0.9231      8088
          财经     0.8593    0.8058    0.8317      7161
          家居     0.8948    0.8899    0.8923      6356
          游戏     0.9111    0.8759    0.8931      4761
          房产     0.9743    0.9601    0.9671      3985
          时尚     0.8693    0.8553    0.8623      2536
          彩票     0.9331    0.8888    0.9104      1475
          星座     0.8812    0.8272    0.8533       735

    accuracy                         0.9226    162000
   macro avg     0.9098    0.8969    0.9031    162000
weighted avg     0.9225    0.9226    0.9224    162000

2024-10-19 20:16:49,041 - train.py[line:198] - INFO: Start testing(dev)...
2024-10-19 20:19:57,728 - train.py[line:228] - INFO: | epoch   6 | dev | score (93.03, 92.05, 92.47) | f1 92.47 | time 188.69
2024-10-19 20:19:57,743 - train.py[line:233] - INFO: 
              precision    recall  f1-score   support

          科技     0.9475    0.9275    0.9374      3502
          股票     0.9313    0.9585    0.9447      3325
          体育     0.9831    0.9869    0.9850      2828
          娱乐     0.9396    0.9684    0.9538      1992
          时政     0.9137    0.8853    0.8992      1351
          社会     0.8179    0.8974    0.8558      1101
          教育     0.9517    0.8977    0.9239       899
          财经     0.8922    0.8216    0.8555       796
          家居     0.9037    0.9306    0.9170       706
          游戏     0.9524    0.8696    0.9091       529
          房产     0.9818    0.9752    0.9785       443
          时尚     0.9440    0.8972    0.9200       282
          彩票     0.9675    0.9085    0.9371       164
          星座     0.8977    0.9634    0.9294        82

    accuracy                         0.9350     18000
   macro avg     0.9303    0.9205    0.9247     18000
weighted avg     0.9357    0.9350    0.9349     18000

2024-10-19 20:19:57,743 - train.py[line:74] - INFO: Exceed history dev = 92.17, current dev = 92.47
2024-10-19 20:22:17,425 - train.py[line:163] - INFO: | epoch   7 | step 3848 | batch  50/633 | lr 0.00008 | loss 0.2478 | s/batch 2.79
2024-10-19 20:24:42,647 - train.py[line:163] - INFO: | epoch   7 | step 3898 | batch 100/633 | lr 0.00008 | loss 0.2270 | s/batch 2.90
2024-10-19 20:27:15,704 - train.py[line:163] - INFO: | epoch   7 | step 3948 | batch 150/633 | lr 0.00008 | loss 0.2320 | s/batch 3.06
2024-10-19 20:29:54,531 - train.py[line:163] - INFO: | epoch   7 | step 3998 | batch 200/633 | lr 0.00008 | loss 0.2288 | s/batch 3.18
2024-10-19 20:31:54,876 - train.py[line:163] - INFO: | epoch   7 | step 4048 | batch 250/633 | lr 0.00006 | loss 0.2475 | s/batch 2.41
2024-10-19 20:34:06,538 - train.py[line:163] - INFO: | epoch   7 | step 4098 | batch 300/633 | lr 0.00006 | loss 0.2260 | s/batch 2.63
2024-10-19 20:36:14,747 - train.py[line:163] - INFO: | epoch   7 | step 4148 | batch 350/633 | lr 0.00006 | loss 0.2250 | s/batch 2.56
2024-10-19 20:38:31,848 - train.py[line:163] - INFO: | epoch   7 | step 4198 | batch 400/633 | lr 0.00006 | loss 0.2416 | s/batch 2.74
2024-10-19 20:40:32,748 - train.py[line:163] - INFO: | epoch   7 | step 4248 | batch 450/633 | lr 0.00006 | loss 0.2173 | s/batch 2.42
2024-10-19 20:42:58,944 - train.py[line:163] - INFO: | epoch   7 | step 4298 | batch 500/633 | lr 0.00006 | loss 0.2250 | s/batch 2.92
2024-10-19 20:45:00,313 - train.py[line:163] - INFO: | epoch   7 | step 4348 | batch 550/633 | lr 0.00006 | loss 0.2195 | s/batch 2.43
2024-10-19 20:47:27,551 - train.py[line:163] - INFO: | epoch   7 | step 4398 | batch 600/633 | lr 0.00006 | loss 0.2395 | s/batch 2.94
2024-10-19 20:48:54,716 - train.py[line:182] - INFO: | epoch   7 | score (91.48, 90.27, 90.86) | f1 90.86 | loss 0.2313 | time 1736.81
2024-10-19 20:48:54,835 - train.py[line:188] - INFO: 
              precision    recall  f1-score   support

          科技     0.9260    0.9291    0.9275     31524
          股票     0.9342    0.9436    0.9389     29926
          体育     0.9814    0.9825    0.9819     25454
          娱乐     0.9375    0.9468    0.9421     17928
          时政     0.8659    0.8922    0.8788     12163
          社会     0.8574    0.8545    0.8559      9908
          教育     0.9306    0.9170    0.9238      8088
          财经     0.8676    0.8164    0.8412      7161
          家居     0.8997    0.8918    0.8957      6356
          游戏     0.9099    0.8822    0.8958      4761
          房产     0.9789    0.9649    0.9718      3985
          时尚     0.8806    0.8636    0.8720      2536
          彩票     0.9425    0.8997    0.9206      1475
          星座     0.8957    0.8531    0.8739       735

    accuracy                         0.9256    162000
   macro avg     0.9148    0.9027    0.9086    162000
weighted avg     0.9255    0.9256    0.9255    162000

2024-10-19 20:48:54,836 - train.py[line:198] - INFO: Start testing(dev)...
2024-10-19 20:52:01,781 - train.py[line:228] - INFO: | epoch   7 | dev | score (92.83, 92.99, 92.89) | f1 92.89 | time 186.94
2024-10-19 20:52:01,796 - train.py[line:233] - INFO: 
              precision    recall  f1-score   support

          科技     0.9458    0.9318    0.9387      3502
          股票     0.9502    0.9417    0.9459      3325
          体育     0.9876    0.9830    0.9853      2828
          娱乐     0.9502    0.9669    0.9584      1992
          时政     0.8833    0.9297    0.9059      1351
          社会     0.8955    0.8565    0.8756      1101
          教育     0.9120    0.9333    0.9225       899
          财经     0.8540    0.8668    0.8603       796
          家居     0.9012    0.9306    0.9157       706
          游戏     0.9216    0.9112    0.9163       529
          房产     0.9818    0.9752    0.9785       443
          时尚     0.9343    0.9078    0.9209       282
          彩票     0.9497    0.9207    0.9350       164
          星座     0.9294    0.9634    0.9461        82

    accuracy                         0.9381     18000
   macro avg     0.9283    0.9299    0.9289     18000
weighted avg     0.9384    0.9381    0.9381     18000

2024-10-19 20:52:01,796 - train.py[line:74] - INFO: Exceed history dev = 92.47, current dev = 92.89
2024-10-19 20:54:32,228 - train.py[line:163] - INFO: | epoch   8 | step 4481 | batch  50/633 | lr 0.00006 | loss 0.2333 | s/batch 3.01
2024-10-19 20:56:44,901 - train.py[line:163] - INFO: | epoch   8 | step 4531 | batch 100/633 | lr 0.00006 | loss 0.2160 | s/batch 2.65
2024-10-19 20:58:56,840 - train.py[line:163] - INFO: | epoch   8 | step 4581 | batch 150/633 | lr 0.00006 | loss 0.2226 | s/batch 2.64
2024-10-19 21:01:02,288 - train.py[line:163] - INFO: | epoch   8 | step 4631 | batch 200/633 | lr 0.00006 | loss 0.2229 | s/batch 2.51
2024-10-19 21:03:36,381 - train.py[line:163] - INFO: | epoch   8 | step 4681 | batch 250/633 | lr 0.00006 | loss 0.2290 | s/batch 3.08
2024-10-19 21:06:04,926 - train.py[line:163] - INFO: | epoch   8 | step 4731 | batch 300/633 | lr 0.00006 | loss 0.2204 | s/batch 2.97
2024-10-19 21:08:41,667 - train.py[line:163] - INFO: | epoch   8 | step 4781 | batch 350/633 | lr 0.00006 | loss 0.2230 | s/batch 3.13
2024-10-19 21:10:57,389 - train.py[line:163] - INFO: | epoch   8 | step 4831 | batch 400/633 | lr 0.00006 | loss 0.2338 | s/batch 2.71
2024-10-19 21:13:21,888 - train.py[line:163] - INFO: | epoch   8 | step 4881 | batch 450/633 | lr 0.00006 | loss 0.2165 | s/batch 2.89
2024-10-19 21:15:30,712 - train.py[line:163] - INFO: | epoch   8 | step 4931 | batch 500/633 | lr 0.00006 | loss 0.2210 | s/batch 2.58
2024-10-19 21:17:29,533 - train.py[line:163] - INFO: | epoch   8 | step 4981 | batch 550/633 | lr 0.00006 | loss 0.2210 | s/batch 2.38
2024-10-19 21:19:39,645 - train.py[line:163] - INFO: | epoch   8 | step 5031 | batch 600/633 | lr 0.00005 | loss 0.2259 | s/batch 2.60
2024-10-19 21:20:52,528 - train.py[line:182] - INFO: | epoch   8 | score (91.82, 90.71, 91.25) | f1 91.25 | loss 0.2237 | time 1730.58
2024-10-19 21:20:52,623 - train.py[line:188] - INFO: 
              precision    recall  f1-score   support

          科技     0.9285    0.9311    0.9298     31524
          股票     0.9356    0.9437    0.9396     29926
          体育     0.9819    0.9827    0.9823     25454
          娱乐     0.9398    0.9494    0.9445     17928
          时政     0.8698    0.8944    0.8819     12163
          社会     0.8624    0.8592    0.8608      9908
          教育     0.9307    0.9226    0.9266      8088
          财经     0.8736    0.8246    0.8484      7161
          家居     0.9009    0.8952    0.8980      6356
          游戏     0.9213    0.8901    0.9055      4761
          房产     0.9797    0.9711    0.9754      3985
          时尚     0.8900    0.8707    0.8802      2536
          彩票     0.9385    0.8997    0.9187      1475
          星座     0.9021    0.8653    0.8833       735

    accuracy                         0.9281    162000
   macro avg     0.9182    0.9071    0.9125    162000
weighted avg     0.9280    0.9281    0.9280    162000

2024-10-19 21:20:52,624 - train.py[line:198] - INFO: Start testing(dev)...
2024-10-19 21:23:59,743 - train.py[line:228] - INFO: | epoch   8 | dev | score (92.45, 93.23, 92.81) | f1 92.81 | time 187.12
2024-10-19 21:23:59,758 - train.py[line:233] - INFO: 
              precision    recall  f1-score   support

          科技     0.9628    0.9166    0.9391      3502
          股票     0.9368    0.9591    0.9478      3325
          体育     0.9869    0.9848    0.9858      2828
          娱乐     0.9575    0.9618    0.9597      1992
          时政     0.8986    0.9186    0.9085      1351
          社会     0.8439    0.8937    0.8681      1101
          教育     0.9352    0.9155    0.9252       899
          财经     0.8796    0.8442    0.8615       796
          家居     0.9211    0.9263    0.9237       706
          游戏     0.8899    0.9471    0.9176       529
          房产     0.9863    0.9752    0.9807       443
          时尚     0.9094    0.9255    0.9174       282
          彩票     0.9264    0.9207    0.9235       164
          星座     0.9080    0.9634    0.9349        82

    accuracy                         0.9388     18000
   macro avg     0.9245    0.9323    0.9281     18000
weighted avg     0.9394    0.9388    0.9389     18000

2024-10-19 21:26:19,043 - train.py[line:163] - INFO: | epoch   9 | step 5114 | batch  50/633 | lr 0.00005 | loss 0.2176 | s/batch 2.79
2024-10-19 21:28:47,379 - train.py[line:163] - INFO: | epoch   9 | step 5164 | batch 100/633 | lr 0.00005 | loss 0.2165 | s/batch 2.97
2024-10-19 21:30:40,976 - train.py[line:163] - INFO: | epoch   9 | step 5214 | batch 150/633 | lr 0.00005 | loss 0.2156 | s/batch 2.27
2024-10-19 21:33:10,746 - train.py[line:163] - INFO: | epoch   9 | step 5264 | batch 200/633 | lr 0.00005 | loss 0.2201 | s/batch 3.00
2024-10-19 21:35:54,777 - train.py[line:163] - INFO: | epoch   9 | step 5314 | batch 250/633 | lr 0.00005 | loss 0.2260 | s/batch 3.28
2024-10-19 21:38:08,734 - train.py[line:163] - INFO: | epoch   9 | step 5364 | batch 300/633 | lr 0.00005 | loss 0.2222 | s/batch 2.68
2024-10-19 21:40:18,813 - train.py[line:163] - INFO: | epoch   9 | step 5414 | batch 350/633 | lr 0.00005 | loss 0.2082 | s/batch 2.60
2024-10-19 21:42:31,587 - train.py[line:163] - INFO: | epoch   9 | step 5464 | batch 400/633 | lr 0.00005 | loss 0.2263 | s/batch 2.66
2024-10-19 21:44:31,680 - train.py[line:163] - INFO: | epoch   9 | step 5514 | batch 450/633 | lr 0.00005 | loss 0.2131 | s/batch 2.40
2024-10-19 21:46:36,046 - train.py[line:163] - INFO: | epoch   9 | step 5564 | batch 500/633 | lr 0.00005 | loss 0.2116 | s/batch 2.49
2024-10-19 21:48:54,291 - train.py[line:163] - INFO: | epoch   9 | step 5614 | batch 550/633 | lr 0.00005 | loss 0.2245 | s/batch 2.76
2024-10-19 21:51:09,582 - train.py[line:163] - INFO: | epoch   9 | step 5664 | batch 600/633 | lr 0.00005 | loss 0.2092 | s/batch 2.71
2024-10-19 21:52:40,913 - train.py[line:182] - INFO: | epoch   9 | score (92.02, 91.02, 91.5) | f1 91.5 | loss 0.2178 | time 1721.07
2024-10-19 21:52:41,035 - train.py[line:188] - INFO: 
              precision    recall  f1-score   support

          科技     0.9298    0.9329    0.9313     31524
          股票     0.9397    0.9465    0.9431     29926
          体育     0.9811    0.9822    0.9816     25454
          娱乐     0.9404    0.9488    0.9446     17928
          时政     0.8729    0.8976    0.8851     12163
          社会     0.8600    0.8608    0.8604      9908
          教育     0.9359    0.9225    0.9291      8088
          财经     0.8791    0.8309    0.8543      7161
          家居     0.9055    0.9012    0.9033      6356
          游戏     0.9167    0.8899    0.9031      4761
          房产     0.9825    0.9721    0.9773      3985
          时尚     0.8933    0.8715    0.8822      2536
          彩票     0.9449    0.9064    0.9253      1475
          星座     0.9010    0.8789    0.8898       735

    accuracy                         0.9298    162000
   macro avg     0.9202    0.9102    0.9150    162000
weighted avg     0.9298    0.9298    0.9297    162000

2024-10-19 21:52:41,036 - train.py[line:198] - INFO: Start testing(dev)...
2024-10-19 21:55:47,881 - train.py[line:228] - INFO: | epoch   9 | dev | score (93.24, 93.16, 93.18) | f1 93.18 | time 186.85
2024-10-19 21:55:47,900 - train.py[line:233] - INFO: 
              precision    recall  f1-score   support

          科技     0.9432    0.9383    0.9407      3502
          股票     0.9516    0.9465    0.9490      3325
          体育     0.9855    0.9859    0.9857      2828
          娱乐     0.9525    0.9674    0.9599      1992
          时政     0.8951    0.9289    0.9117      1351
          社会     0.8721    0.8728    0.8724      1101
          教育     0.9381    0.9110    0.9244       899
          财经     0.8777    0.8568    0.8671       796
          家居     0.9416    0.9136    0.9274       706
          游戏     0.8968    0.9527    0.9239       529
          房产     0.9886    0.9752    0.9818       443
          时尚     0.9420    0.9220    0.9319       282
          彩票     0.9618    0.9207    0.9408       164
          星座     0.9070    0.9512    0.9286        82

    accuracy                         0.9408     18000
   macro avg     0.9324    0.9316    0.9318     18000
weighted avg     0.9410    0.9408    0.9408     18000

2024-10-19 21:55:47,900 - train.py[line:74] - INFO: Exceed history dev = 92.89, current dev = 93.18
2024-10-19 21:58:02,820 - train.py[line:163] - INFO: | epoch  10 | step 5747 | batch  50/633 | lr 0.00005 | loss 0.2209 | s/batch 2.70
2024-10-19 22:00:29,526 - train.py[line:163] - INFO: | epoch  10 | step 5797 | batch 100/633 | lr 0.00005 | loss 0.2174 | s/batch 2.93
2024-10-19 22:02:45,563 - train.py[line:163] - INFO: | epoch  10 | step 5847 | batch 150/633 | lr 0.00005 | loss 0.2146 | s/batch 2.72
2024-10-19 22:04:54,694 - train.py[line:163] - INFO: | epoch  10 | step 5897 | batch 200/633 | lr 0.00005 | loss 0.2088 | s/batch 2.58
2024-10-19 22:07:24,157 - train.py[line:163] - INFO: | epoch  10 | step 5947 | batch 250/633 | lr 0.00005 | loss 0.2240 | s/batch 2.99
2024-10-19 22:09:46,714 - train.py[line:163] - INFO: | epoch  10 | step 5997 | batch 300/633 | lr 0.00005 | loss 0.2192 | s/batch 2.85
2024-10-19 22:12:06,517 - train.py[line:163] - INFO: | epoch  10 | step 6047 | batch 350/633 | lr 0.00004 | loss 0.2019 | s/batch 2.80
2024-10-19 22:14:10,399 - train.py[line:163] - INFO: | epoch  10 | step 6097 | batch 400/633 | lr 0.00004 | loss 0.2070 | s/batch 2.48
2024-10-19 22:16:19,171 - train.py[line:163] - INFO: | epoch  10 | step 6147 | batch 450/633 | lr 0.00004 | loss 0.1976 | s/batch 2.58
2024-10-19 22:18:27,395 - train.py[line:163] - INFO: | epoch  10 | step 6197 | batch 500/633 | lr 0.00004 | loss 0.2090 | s/batch 2.56
2024-10-19 22:20:46,538 - train.py[line:163] - INFO: | epoch  10 | step 6247 | batch 550/633 | lr 0.00004 | loss 0.2171 | s/batch 2.78
2024-10-19 22:22:55,383 - train.py[line:163] - INFO: | epoch  10 | step 6297 | batch 600/633 | lr 0.00004 | loss 0.2142 | s/batch 2.58
2024-10-19 22:24:22,144 - train.py[line:182] - INFO: | epoch  10 | score (92.28, 91.24, 91.75) | f1 91.75 | loss 0.2126 | time 1714.08
2024-10-19 22:24:22,241 - train.py[line:188] - INFO: 
              precision    recall  f1-score   support

          科技     0.9303    0.9327    0.9315     31524
          股票     0.9406    0.9467    0.9436     29926
          体育     0.9822    0.9839    0.9830     25454
          娱乐     0.9441    0.9519    0.9480     17928
          时政     0.8742    0.8994    0.8867     12163
          社会     0.8645    0.8619    0.8632      9908
          教育     0.9365    0.9233    0.9299      8088
          财经     0.8790    0.8369    0.8574      7161
          家居     0.9099    0.9054    0.9077      6356
          游戏     0.9172    0.8939    0.9054      4761
          房产     0.9840    0.9739    0.9789      3985
          时尚     0.8959    0.8785    0.8871      2536
          彩票     0.9468    0.9044    0.9251      1475
          星座     0.9138    0.8803    0.8967       735

    accuracy                         0.9314    162000
   macro avg     0.9228    0.9124    0.9175    162000
weighted avg     0.9314    0.9314    0.9313    162000

2024-10-19 22:24:22,242 - train.py[line:198] - INFO: Start testing(dev)...
2024-10-19 22:27:28,942 - train.py[line:228] - INFO: | epoch  10 | dev | score (93.26, 93.27, 93.26) | f1 93.26 | time 186.70
2024-10-19 22:27:28,956 - train.py[line:233] - INFO: 
              precision    recall  f1-score   support

          科技     0.9457    0.9400    0.9429      3502
          股票     0.9517    0.9474    0.9495      3325
          体育     0.9865    0.9844    0.9855      2828
          娱乐     0.9453    0.9709    0.9579      1992
          时政     0.9057    0.9238    0.9146      1351
          社会     0.8783    0.8783    0.8783      1101
          教育     0.9248    0.9299    0.9273       899
          财经     0.8801    0.8480    0.8637       796
          家居     0.9298    0.9193    0.9245       706
          游戏     0.9295    0.9225    0.9260       529
          房产     0.9842    0.9842    0.9842       443
          时尚     0.9384    0.9184    0.9283       282
          彩票     0.9390    0.9390    0.9390       164
          星座     0.9176    0.9512    0.9341        82

    accuracy                         0.9417     18000
   macro avg     0.9326    0.9327    0.9326     18000
weighted avg     0.9416    0.9417    0.9416     18000

2024-10-19 22:27:28,956 - train.py[line:74] - INFO: Exceed history dev = 93.18, current dev = 93.26
2024-10-19 22:29:54,971 - train.py[line:31] - INFO: Total 50000 final test docs.
2024-10-19 22:29:56,327 - train.py[line:204] - INFO: Start predicting...
